<?xml version="1.0" encoding="UTF-8"?>
<!-- Generated by org.testng.reporters.JUnitXMLReporter -->
<testsuite ignored="1" hostname="GA1-1027170LT" failures="0" tests="1" name="Default test" time="3.229" errors="0" timestamp="2022-03-29T08:57:04 EDT">
  <testcase classname="testcases.logintest" name="LoginFailureTest" time="0.381"/>
  <testcase classname="testcases.logintest" name="LoginSuccessTest" time="0.0">
    <ignored/>
  </testcase> <!-- LoginSuccessTest -->
</testsuite> <!-- Default test -->
