<?xml version="1.0" encoding="UTF-8"?>
<testng-results ignored="1" total="2" passed="1" failed="0" skipped="0">
  <reporter-output>
  </reporter-output>
  <suite started-at="2022-03-29T08:57:01 EDT" name="Default suite" finished-at="2022-03-29T08:57:04 EDT" duration-ms="3229">
    <groups>
    </groups>
    <test started-at="2022-03-29T08:57:01 EDT" name="Default test" finished-at="2022-03-29T08:57:04 EDT" duration-ms="3229">
      <class name="testcases.logintest">
        <test-method is-config="true" signature="SetUp()[pri:0, instance:testcases.logintest@29d89d5d]" started-at="2022-03-29T08:57:01 EDT" name="SetUp" finished-at="2022-03-29T08:57:04 EDT" duration-ms="2599" status="PASS">
          <reporter-output>
          </reporter-output>
        </test-method> <!-- SetUp -->
        <test-method signature="LoginFailureTest()[pri:0, instance:testcases.logintest@29d89d5d]" started-at="2022-03-29T08:57:04 EDT" name="LoginFailureTest" finished-at="2022-03-29T08:57:04 EDT" duration-ms="381" status="PASS">
          <reporter-output>
          </reporter-output>
        </test-method> <!-- LoginFailureTest -->
        <test-method is-config="true" signature="TearDown()[pri:0, instance:testcases.logintest@29d89d5d]" started-at="2022-03-29T08:57:04 EDT" name="TearDown" finished-at="2022-03-29T08:57:04 EDT" duration-ms="199" status="PASS">
          <reporter-output>
          </reporter-output>
        </test-method> <!-- TearDown -->
      </class> <!-- testcases.logintest -->
    </test> <!-- Default test -->
  </suite> <!-- Default suite -->
</testng-results>
